Arguments: 
  C:\Users\Dell\.atri\webapp-builder-win.exe.v0.0.90 C:\snapshot\webapp-builder\node_modules\yarn\bin\yarn.js install

PATH: 
  C:\Users\Dell\.virtualenvs\my_app-XjiuyKVR\Scripts;C:\Program Files (x86)\Common Files\Oracle\Java\javapath;C:\Windows\system32;C:\Windows;C:\Windows\System32\Wbem;C:\Windows\System32\WindowsPowerShell\v1.0\;C:\Windows\System32\OpenSSH\;C:\Program Files\dotnet\;C:\Program Files\nodejs\;C:\Program Files (x86)\Java\jdk1.8.0_202\bin;C:\Program Files\Git\cmd;C:\Program Files\Docker\Docker\resources\bin;C:\ProgramData\DockerDesktop\version-bin;C:\Users\Dell\AppData\Roaming\Microsoft\Windows\Start Menu\Programs\Python 3.9;C:\Users\Dell\AppData\Roaming\Python\Python39;C:\Users\Dell\AppData\Local\Programs\Python\Python39;C:\Users\Dell\AppData\Roaming\Python\Python39\Scripts;C:\Program Files\MySQL\MySQL Shell 8.0\bin\;C:\Users\Dell\AppData\Local\Programs\Python\Python39\Scripts\;C:\Users\Dell\AppData\Local\Programs\Python\Python39\;C:\Users\Dell\AppData\Local\Microsoft\WindowsApps;C:\Users\Dell\AppData\Local\Programs\Microsoft VS Code\bin;C:\Users\Dell\AppData\Roaming\npm;D:\Training\software\apache-maven-3.8.6\bin;D:\Training\software\jdk1.8.0_202\bin;C:\Program Files\MongoDB\Server\5.0\bin;

Yarn version: 
  1.22.19

Node version: 
  16.16.0

Platform: 
  win32 x64

Trace: 
  Error: EBUSY: resource busy or locked, copyfile 'C:\Users\Dell\AppData\Local\Yarn\Cache\v6\npm-@mui-styled-engine-5.11.8-4b0c8c7985b1629f83fdb54dc0883fd07a5d28f0-integrity\node_modules\@mui\styled-engine\CHANGELOG.md' -> 'C:\Users\Dell\my_app\atri_app\node_modules\@mui\styled-engine\CHANGELOG.md'

npm manifest: 
  {
    "name": "atri-react-app-template",
    "version": "0.0.0",
    "private": "true",
    "scripts": {
      "buildApp": "atri-react-app-build-app",
      "buildAppNode": "atri-react-app-build-server",
      "buildServer": "cd server && tsc",
      "build": "yarn run buildApp && yarn run buildAppNode",
      "devServer": "node dist/server/index.js --dev",
      "server": "node dist/server/index.js",
      "dev": "atri-react-app-dev-server"
    },
    "dependencies": {
      "@atrilabs/app-scripts": "^0.0.90",
      "@atrilabs/core": "^0.0.90",
      "chokidar": "^3.5.3",
      "http-proxy-middleware": "^2.0.6",
      "react": "18.0.0",
      "react-dom": "18.0.0",
      "react-router-dom": "^6.3.0",
      "ws": "^8.8.0",
      "zustand": "^4.0.0-rc.1",
      "@atrilabs/react-component-manifests": "^0.0.90"
    },
    "devDependencies": {
      "eslint-config-prettier": "^8.5.0",
      "eslint-config-react-app": "^7.0.1"
    }
  }

yarn manifest: 
  No manifest

Lockfile: 
  No lockfile
